<?xml version="1.0" encoding="UTF-8" standalone="no"?>
<testsuite failures="0" name="cucumber.runtime.formatter.JUnitFormatter" skipped="0" tests="2" time="18.405239">
<testcase classname="Eligibility check for a person from Wales" name="Wales Test Ticket - Acceptance Criteria" time="9.524289">
<system-out><![CDATA[Given I am a person from Wales..............................................passed
When I entered DOB for 16 years.............................................passed
Then I should get a result of whether I will get help or not................passed
]]></system-out>
</testcase>
<testcase classname="Eligibility check for a person from Wales" name="Wales Test Ticket - Acceptance Criteria 2" time="8.88095">
<system-out><![CDATA[Given I am a person from Wales..............................................passed
When I entered DOB for 35 years.............................................passed
Then I should get a result of whether I will get help or not................passed
]]></system-out>
</testcase>
</testsuite>
